2023-02-03 10:21:44,509 INFO: 
                ____                _       _____  ____
               / __ ) ____ _ _____ (_)_____/ ___/ / __ \
              / __  |/ __ `// ___// // ___/\__ \ / /_/ /
             / /_/ // /_/ /(__  )/ // /__ ___/ // _, _/
            /_____/ \__,_//____//_/ \___//____//_/ |_|
     ______                   __   __                 __      __
    / ____/____   ____   ____/ /  / /   __  __ _____ / /__   / /
   / / __ / __ \ / __ \ / __  /  / /   / / / // ___// //_/  / /
  / /_/ // /_/ // /_/ // /_/ /  / /___/ /_/ // /__ / /<    /_/
  \____/ \____/ \____/ \____/  /_____/\____/ \___//_/|_|  (_)
    
Version Information: 
	BasicSR: 1.4.2
	PyTorch: 1.13.1+cu117
	TorchVision: 0.14.1+cu117
2023-02-03 10:21:44,509 INFO: 
  name: k
  model_type: ImageCleanModel
  scale: 1
  num_gpu: 1
  manual_seed: 10
  datasets:[
    train:[
      name: MirNet_train
      type: Dataset_PairedImage
      dataroot_gt: /usr/disk/wjf/real_noise/SIDD_patches/train/groundtruth
      dataroot_lq: /usr/disk/wjf/real_noise/SIDD_patches/train/input
      geometric_augs: True
      patch: 256
      gt_size: 256
      io_backend:[
        type: disk
      ]
      use_shuffle: True
      num_worker_per_gpu: 2
      batch_size_per_gpu: 2
      dataset_enlarge_ratio: 1
      prefetch_mode: None
      phase: train
      scale: 1
    ]
    val:[
      name: MirNet_test
      type: Dataset_PairedImage
      dataroot_gt: /usr/disk/wjf/real_noise/SIDD_patches/val/groundtruth
      dataroot_lq: /usr/disk/wjf/real_noise/SIDD_patches/val/input
      io_backend:[
        type: disk
      ]
      phase: val
      scale: 1
    ]
  ]
  network_g:[
    type: NAFPNet
  ]
  path:[
    pretrain_network_g: None
    strict_load_g: True
    resume_state: None
    experiments_root: /usr/disk/wjf/BasicSR-master/experiments/k
    models: /usr/disk/wjf/BasicSR-master/experiments/k/models
    training_states: /usr/disk/wjf/BasicSR-master/experiments/k/training_states
    log: /usr/disk/wjf/BasicSR-master/experiments/k
    visualization: /usr/disk/wjf/BasicSR-master/experiments/k/visualization
  ]
  train:[
    use_grad_clip: True
    ema_decay: 0.999
    optim_g:[
      type: Adam
      lr: 0.0002
      weight_decay: 0
      betas: [0.9, 0.99]
    ]
    scheduler:[
      type: CosineAnnealingRestartLR
      periods: [240000]
      restart_weights: [1]
      eta_min: 1e-06
    ]
    total_iter: 240000
    warmup_iter: -1
    mir_opt:[
      type: MirLoss
      loss_weight: 1.0
      eps: 0.001
    ]
  ]
  val:[
    window_size: 0
    val_freq: 4000
    save_img: False
    rgb2bgr: True
    use_image: False
    max_minibatch: 2
    metrics:[
      psnr:[
        type: calculate_psnr
        crop_border: 0
        test_y_channel: False
      ]
      ssim:[
        type: calculate_ssim
        crop_border: 0
        test_y_channel: False
      ]
    ]
  ]
  logger:[
    print_freq: 1000
    save_checkpoint_freq: 40000
    use_tb_logger: True
    wandb:[
      project: None
      resume_id: None
    ]
  ]
  dist_params:[
    backend: nccl
    port: 29500
  ]
  find_unused_parameters: True
  dist: False
  rank: 0
  world_size: 1
  auto_resume: False
  is_train: True
  root_path: /usr/disk/wjf/BasicSR-master

2023-02-03 10:21:44,683 INFO: Dataset [Dataset_PairedImage] - MirNet_train is built.
